2021-05-04 21:46:43.391  INFO 13912 --- [main] e.s.c.d.DocumentManagementWebApplication : Starting DocumentManagementWebApplication using Java 11.0.9 on LAPTOP-1UTN96G5 with PID 13912 (D:\document\document-management\document-management-web\target\classes started by Aurora in D:\document\document-management\document-management-web)
2021-05-04 21:46:43.401  INFO 13912 --- [main] e.s.c.d.DocumentManagementWebApplication : The following profiles are active: dev
2021-05-04 21:46:44.281  INFO 13912 --- [main] o.s.b.w.embedded.tomcat.TomcatWebServer  : Tomcat initialized with port(s): 8080 (http)
2021-05-04 21:46:44.291  INFO 13912 --- [main] o.apache.catalina.core.StandardService   : Starting service [Tomcat]
2021-05-04 21:46:44.291  INFO 13912 --- [main] org.apache.catalina.core.StandardEngine  : Starting Servlet engine: [Apache Tomcat/9.0.44]
2021-05-04 21:46:44.351  INFO 13912 --- [main] o.a.c.c.C.[Tomcat].[localhost].[/]       : Initializing Spring embedded WebApplicationContext
2021-05-04 21:46:44.351  INFO 13912 --- [main] w.s.c.ServletWebServerApplicationContext : Root WebApplicationContext: initialization completed in 910 ms
2021-05-04 21:46:44.971  INFO 13912 --- [main] o.s.s.web.DefaultSecurityFilterChain     : Will secure any request with [org.springframework.security.web.context.request.async.WebAsyncManagerIntegrationFilter@4b97b3d2, org.springframework.security.web.context.SecurityContextPersistenceFilter@5ac53c06, org.springframework.security.web.header.HeaderWriterFilter@2506e949, org.springframework.security.web.authentication.logout.LogoutFilter@1e1237ab, org.springframework.security.web.authentication.UsernamePasswordAuthenticationFilter@46320c9a, org.springframework.security.web.authentication.www.BasicAuthenticationFilter@23e3f5cd, org.springframework.security.web.savedrequest.RequestCacheAwareFilter@236fdf, org.springframework.security.web.servletapi.SecurityContextHolderAwareRequestFilter@195580ba, org.springframework.security.web.authentication.rememberme.RememberMeAuthenticationFilter@1d7eb170, org.springframework.security.web.authentication.AnonymousAuthenticationFilter@383cb5ce, org.springframework.security.web.session.SessionManagementFilter@4c531172, org.springframework.security.web.access.ExceptionTranslationFilter@2eada095, org.springframework.security.web.access.intercept.FilterSecurityInterceptor@2be818da]
2021-05-04 21:46:45.101  INFO 13912 --- [main] o.s.s.concurrent.ThreadPoolTaskExecutor  : Initializing ExecutorService 'applicationTaskExecutor'
2021-05-04 21:46:45.550  WARN 13912 --- [main] ConfigServletWebServerApplicationContext : Exception encountered during context initialization - cancelling refresh attempt: org.springframework.context.ApplicationContextException: Failed to start bean 'webServerStartStop'; nested exception is org.springframework.boot.web.server.PortInUseException: Port 8080 is already in use
2021-05-04 21:46:45.550  INFO 13912 --- [main] o.s.s.concurrent.ThreadPoolTaskExecutor  : Shutting down ExecutorService 'applicationTaskExecutor'
2021-05-04 21:46:45.550  INFO 13912 --- [main] o.apache.catalina.core.StandardService   : Stopping service [Tomcat]
2021-05-04 21:46:45.560  INFO 13912 --- [main] ConditionEvaluationReportLoggingListener : 

Error starting ApplicationContext. To display the conditions report re-run your application with 'debug' enabled.
2021-05-04 21:46:45.580 ERROR 13912 --- [main] o.s.b.d.LoggingFailureAnalysisReporter   : 

***************************
APPLICATION FAILED TO START
***************************

Description:

Web server failed to start. Port 8080 was already in use.

Action:

Identify and stop the process that's listening on port 8080 or configure this application to listen on another port.

